<?xml version="1.0" encoding="utf-8"?><testsuites name="pytest tests"><testsuite name="pytest" errors="0" failures="0" skipped="0" tests="1" time="10.183" timestamp="2025-10-16T16:54:46.531116+01:00" hostname="Sevan"><testcase classname="tests.test_access_requests_complete.TestAccessRequestsCreation" name="test_access_request_auto_created_for_internal_no_seeg_email" time="5.932" /><testcase time="0.731" /></testsuite></testsuites>